<?xml version="1.0" encoding="UTF-8"?>
<!-- Generated by org.testng.reporters.JUnitReportReporter -->
<testsuite hostname="DESKTOP-KHC54QM" failures="0" tests="1" name="failed_testngsuite.class3" time="0.028" errors="0" timestamp="2024-07-15T10:10:54 IST" skipped="0">
  <testcase classname="failed_testngsuite.class3" name="testsui5" time="0.028"/>
  <system-out/>
</testsuite> <!-- failed_testngsuite.class3 -->
