<?xml version="1.0" encoding="UTF-8"?>
<!-- Generated by org.testng.reporters.JUnitReportReporter -->
<testsuite hostname="DESKTOP-KHC54QM" failures="0" tests="1" name="testng_with_ddf_BU.testclass" time="5.488" errors="0" timestamp="2024-07-24T22:51:11 IST" skipped="0">
  <testcase classname="testng_with_ddf_BU.testclass" name="testcase" time="5.488"/>
  <system-out/>
</testsuite> <!-- testng_with_ddf_BU.testclass -->
