<?xml version="1.0" encoding="UTF-8"?>
<!-- Generated by org.testng.reporters.JUnitReportReporter -->
<testsuite hostname="DESKTOP-KHC54QM" failures="0" tests="2" name="emailreport_testng.email1" time="0.034" errors="0" timestamp="2024-07-15T09:54:27 IST" skipped="0">
  <testcase classname="emailreport_testng.email1" name="emailreport" time="0.031"/>
  <system-out>
    <![CDATA[email report genrate]]>
  </system-out>
  <testcase classname="emailreport_testng.email1" name="report2" time="0.003"/>
  <system-out>
    <![CDATA[repor2]]>
  </system-out>
</testsuite> <!-- emailreport_testng.email1 -->
