<?xml version="1.0" encoding="UTF-8"?>
<!-- Generated by org.testng.reporters.JUnitReportReporter -->
<testsuite hostname="DESKTOP-KHC54QM" failures="0" tests="2" name="failed_testngsuite.class1" time="0.005" errors="0" timestamp="2024-07-15T10:09:17 IST" skipped="0">
  <testcase classname="failed_testngsuite.class1" name="testsui1" time="0.003"/>
  <system-out>
    <![CDATA[test case 1]]>
  </system-out>
  <testcase classname="failed_testngsuite.class1" name="testsui2" time="0.002"/>
  <system-out>
    <![CDATA[test case 2]]>
  </system-out>
</testsuite> <!-- failed_testngsuite.class1 -->
