<?xml version="1.0" encoding="UTF-8"?>
<!-- Generated by org.testng.reporters.JUnitReportReporter -->
<testsuite hostname="DESKTOP-KHC54QM" failures="0" tests="1" name="demo.sltestclass" time="8.491" errors="0" timestamp="2024-07-30T11:54:01 IST" skipped="0">
  <testcase classname="demo.sltestclass" name="verifyLogo" time="8.491"/>
  <system-out/>
</testsuite> <!-- demo.sltestclass -->
