<?xml version="1.0" encoding="UTF-8"?>
<!-- Generated by org.testng.reporters.JUnitReportReporter -->
<testsuite hostname="DESKTOP-KHC54QM" failures="0" tests="1" name="failed_testngsuite.class2" time="0.003" errors="0" timestamp="2024-07-15T10:10:54 IST" skipped="0">
  <testcase classname="failed_testngsuite.class2" name="testsui4" time="0.003"/>
  <system-out/>
</testsuite> <!-- failed_testngsuite.class2 -->
