<?xml version="1.0" encoding="UTF-8"?>
<!-- Generated by org.testng.reporters.JUnitReportReporter -->
<testsuite hostname="DESKTOP-KHC54QM" failures="0" tests="1" name="swab_labs_script.sltestclass" time="8.567" errors="0" timestamp="2024-07-30T11:50:23 IST" skipped="0">
  <testcase classname="swab_labs_script.sltestclass" name="verifyLogo" time="8.567"/>
  <system-out/>
</testsuite> <!-- swab_labs_script.sltestclass -->
