<?xml version="1.0" encoding="UTF-8"?>
<!-- Generated by org.testng.reporters.JUnitReportReporter -->
<testsuite hostname="DESKTOP-KHC54QM" failures="0" tests="1" name="testngddf.insta_testclass" time="13.946" errors="0" timestamp="2024-07-18T09:37:51 IST" skipped="0">
  <testcase classname="testngddf.insta_testclass" name="openbrowser" time="13.946"/>
  <system-out/>
</testsuite> <!-- testngddf.insta_testclass -->
