<?xml version="1.0" encoding="UTF-8"?>
<!-- Generated by org.testng.reporters.JUnitReportReporter -->
<testsuite hostname="DESKTOP-KHC54QM" failures="0" tests="1" name="practice.testngdemo" time="1.632" errors="0" timestamp="2024-07-15T09:29:36 IST" skipped="0">
  <testcase classname="practice.testngdemo" name="aa" time="1.632"/>
  <system-out/>
</testsuite> <!-- practice.testngdemo -->
