<?xml version="1.0" encoding="UTF-8"?>
<!-- Generated by org.testng.reporters.JUnitReportReporter -->
<testsuite hostname="DESKTOP-KHC54QM" failures="0" tests="2" name="test_suite.class2" time="0.005" errors="0" timestamp="2024-07-15T09:59:59 IST" skipped="0">
  <testcase classname="test_suite.class2" name="testsui3" time="0.003"/>
  <system-out>
    <![CDATA[test case 3]]>
  </system-out>
  <testcase classname="test_suite.class2" name="testsui4" time="0.002"/>
  <system-out>
    <![CDATA[test case 4]]>
  </system-out>
</testsuite> <!-- test_suite.class2 -->
