<?xml version="1.0" encoding="UTF-8"?>
<!-- Generated by org.testng.reporters.JUnitReportReporter -->
<testsuite hostname="DESKTOP-KHC54QM" failures="0" tests="1" name="practice.test1" time="6.996" errors="0" timestamp="2024-07-15T09:46:34 IST" skipped="0">
  <testcase classname="practice.test1" name="dat" time="6.996"/>
  <system-out/>
</testsuite> <!-- practice.test1 -->
