<?xml version="1.0" encoding="UTF-8"?>
<!-- Generated by org.testng.reporters.JUnitReportReporter -->
<testsuite hostname="DESKTOP-KHC54QM" failures="0" tests="1" name="Testng.email" time="0.017" errors="0" timestamp="2024-07-15T09:22:28 IST" skipped="0">
  <testcase classname="Testng.email" name="report" time="0.017"/>
  <system-out>
    <![CDATA[hello]]>
  </system-out>
</testsuite> <!-- Testng.email -->
